<?xml version="1.0" encoding="UTF-8"?>
<!-- Generated by org.testng.reporters.JUnitReportReporter -->
<testsuite hostname="ETMUM-LT114" name="com.usergroups.tests.ApplyGroupLeaderTest" tests="2" failures="0" timestamp="7 Sep 2016 11:40:09 GMT" time="65.974" errors="0">
  <testcase name="testverifyShowInterest" time="39.744" classname="com.usergroups.tests.ApplyGroupLeaderTest"/>
  <testcase name="testverifyShowInterest" time="26.230" classname="com.usergroups.tests.ApplyGroupLeaderTest"/>
</testsuite> <!-- com.usergroups.tests.ApplyGroupLeaderTest -->
