<?xml version="1.0" encoding="UTF-8"?>
<!-- Generated by org.testng.reporters.JUnitReportReporter -->
<testsuite hostname="ETMUM-LT031" name="com.usergroups.tests.GlobalFooterTest" tests="11" failures="0" timestamp="9 Mar 2016 11:17:26 GMT" time="87.674" errors="0">
  <testcase name="testVerifyFooterLinks" time="10.488" classname="com.usergroups.tests.GlobalFooterTest"/>
  <testcase name="testVerifyFooterFollowUS" time="4.108" classname="com.usergroups.tests.GlobalFooterTest"/>
  <testcase name="testVerifyFooterLinks" time="10.807" classname="com.usergroups.tests.GlobalFooterTest"/>
  <testcase name="testVerifyFooterFollowUS" time="4.130" classname="com.usergroups.tests.GlobalFooterTest"/>
  <testcase name="testVerifyLandingPage" time="10.607" classname="com.usergroups.tests.GlobalFooterTest"/>
  <testcase name="testVerifyFooterFollowUS" time="4.070" classname="com.usergroups.tests.GlobalFooterTest"/>
  <testcase name="testVerifyFooterFollowUS" time="4.799" classname="com.usergroups.tests.GlobalFooterTest"/>
  <testcase name="testVerifyFooterCopyRightsText" time="6.350" classname="com.usergroups.tests.GlobalFooterTest"/>
  <testcase name="testVerifyFooterLinks" time="10.623" classname="com.usergroups.tests.GlobalFooterTest"/>
  <testcase name="testVerifyFooterFollowUS" time="4.052" classname="com.usergroups.tests.GlobalFooterTest"/>
  <testcase name="testVerifyFooterSplunkUGLink" time="17.640" classname="com.usergroups.tests.GlobalFooterTest"/>
</testsuite> <!-- com.usergroups.tests.GlobalFooterTest -->
