<?xml version="1.0" encoding="UTF-8"?>
<!-- Generated by org.testng.reporters.JUnitReportReporter -->
<testsuite hostname="ETMUM-LT114" name="com.usergroups.tests.CreateUserGroupTest" tests="6" failures="0" timestamp="5 Sep 2016 06:51:17 GMT" time="488.592" errors="0">
  <testcase name="testVerifyCreateEventFuntionality" time="93.941" classname="com.usergroups.tests.CreateUserGroupTest"/>
  <testcase name="testVerifyCreateEventFuntionality" time="106.324" classname="com.usergroups.tests.CreateUserGroupTest"/>
  <testcase name="tesetVerifyLandingPage" time="8.117" classname="com.usergroups.tests.CreateUserGroupTest"/>
  <testcase name="testVerifyCreateEventFuntionality" time="115.143" classname="com.usergroups.tests.CreateUserGroupTest"/>
  <testcase name="testVerifyCreateEventFuntionality" time="74.008" classname="com.usergroups.tests.CreateUserGroupTest"/>
  <testcase name="testVerifyCreateEventFuntionality" time="91.059" classname="com.usergroups.tests.CreateUserGroupTest"/>
</testsuite> <!-- com.usergroups.tests.CreateUserGroupTest -->
